<?xml version="1.0" encoding="UTF-8"?>
<!-- Generated by org.testng.reporters.JUnitXMLReporter -->
<testsuite ignored="1" hostname="SharadLaptop" failures="0" tests="1" name="Surefire test" time="7.57" errors="0" timestamp="2026-08-22T16:16:50 IST">
  <testcase classname="TestClasses.LoginPage" name="loginPageOpens1" time="0.655"/>
  <testcase classname="TestClasses.LoginPage" name="loginPageOpens" time="0.0">
    <ignored/>
  </testcase> <!-- loginPageOpens -->
</testsuite> <!-- Surefire test -->
