<?xml version="1.0" encoding="UTF-8"?>
<!-- Generated by org.testng.reporters.JUnitXMLReporter -->
<testsuite ignored="2" hostname="SharadLaptop" failures="0" tests="1" name="Surefire test" time="6.248" errors="0" timestamp="2026-09-09T15:20:05 IST">
  <testcase classname="TestClasses.AutoTest" name="formSubmissionHappyPath" time="0.666"/>
  <testcase classname="TestClasses.AutoTest" name="multipleSelectionsHappyPath" time="0.0">
    <ignored/>
  </testcase> <!-- multipleSelectionsHappyPath -->
  <testcase classname="TestClasses.AutoTest" name="homePageLoadsSuccessfully" time="0.0">
    <ignored/>
  </testcase> <!-- homePageLoadsSuccessfully -->
</testsuite> <!-- Surefire test -->
