<?xml version="1.0" encoding="UTF-8"?>
<testng-results ignored="0" total="1" passed="1" failed="0" skipped="0">
  <reporter-output>
  </reporter-output>
  <suite started-at="2026-09-09T15:22:00 IST" name="ZPractice Test Suite" finished-at="2026-09-09T15:22:07 IST" duration-ms="7110">
    <groups>
      <group name="smoke">
        <method signature="LoginPage.loginPageOpens()[pri:0, instance:TestClasses.LoginPage@49d904ec]" name="loginPageOpens" class="TestClasses.LoginPage"/>
      </group> <!-- smoke -->
    </groups>
    <test started-at="2026-09-09T15:22:00 IST" name="Smoke Tests" finished-at="2026-09-09T15:22:07 IST" duration-ms="7110">
      <class name="TestClasses.LoginPage">
        <test-method is-config="true" signature="setUp()[pri:0, instance:TestClasses.LoginPage@49d904ec]" started-at="2026-09-09T15:22:00 IST" name="setUp" finished-at="2026-09-09T15:22:07 IST" duration-ms="6834" status="PASS">
          <reporter-output>
          </reporter-output>
        </test-method> <!-- setUp -->
        <test-method signature="loginPageOpens()[pri:0, instance:TestClasses.LoginPage@49d904ec]" started-at="2026-09-09T15:22:07 IST" name="loginPageOpens" finished-at="2026-09-09T15:22:07 IST" duration-ms="49" status="PASS">
          <reporter-output>
          </reporter-output>
        </test-method> <!-- loginPageOpens -->
        <test-method is-config="true" signature="tearDown()[pri:0, instance:TestClasses.LoginPage@49d904ec]" started-at="2026-09-09T15:22:07 IST" name="tearDown" finished-at="2026-09-09T15:22:07 IST" duration-ms="186" status="PASS">
          <reporter-output>
          </reporter-output>
        </test-method> <!-- tearDown -->
      </class> <!-- TestClasses.LoginPage -->
    </test> <!-- Smoke Tests -->
  </suite> <!-- ZPractice Test Suite -->
</testng-results>
