<?xml version="1.0" encoding="UTF-8"?>
<!-- Generated by org.testng.reporters.JUnitXMLReporter -->
<testsuite ignored="4" hostname="SharadLaptop" failures="0" tests="1" name="Smoke Tests" time="7.11" errors="0" timestamp="2026-09-09T15:22:07 IST">
  <testcase classname="TestClasses.LoginPage" name="loginPageOpens" time="0.049"/>
  <testcase classname="TestClasses.AutoTest" name="multipleSelectionsHappyPath" time="0.0">
    <ignored/>
  </testcase> <!-- multipleSelectionsHappyPath -->
  <testcase classname="TestClasses.AutoTest" name="homePageLoadsSuccessfully" time="0.0">
    <ignored/>
  </testcase> <!-- homePageLoadsSuccessfully -->
  <testcase classname="TestClasses.LoginPage" name="HomePageForm" time="0.0">
    <ignored/>
  </testcase> <!-- HomePageForm -->
  <testcase classname="TestClasses.AutoTest" name="formSubmissionHappyPath" time="0.0">
    <ignored/>
  </testcase> <!-- formSubmissionHappyPath -->
</testsuite> <!-- Smoke Tests -->
